<?xml version="1.0" encoding="UTF-8"?>
<testsuite xmlns:xsi="http://www.w3.org/2001/XMLSchema-instance" xsi:noNamespaceSchemaLocation="https://maven.apache.org/surefire/maven-surefire-plugin/xsd/surefire-test-report-3.0.xsd" version="3.0" name="com.proyectoIntegrador.ProyectoIntegradorApplicationTests" time="9.976" tests="1" errors="0" skipped="0" failures="0">
  <properties>
[...]
</properties>
  <testcase name="contextLoads" classname="com.proyectoIntegrador.ProyectoIntegradorApplicationTests" time="0.537">
    <system-out><![CDATA[19:25:47.207 [main] INFO org.springframework.test.context.support.AnnotationConfigContextLoaderUtils -- Could not detect default configuration classes for test class [com.proyectoIntegrador.ProyectoIntegradorApplicationTests]: ProyectoIntegradorApplicationTests does not declare any static, non-private, non-final, nested classes annotated with @Configuration.
19:25:47.332 [main] INFO org.springframework.boot.test.context.SpringBootTestContextBootstrapper -- Found @SpringBootConfiguration com.proyectoIntegrador.ProyectoIntegradorApplication for test class com.proyectoIntegrador.ProyectoIntegradorApplicationTests

  .   ____          _            __ _ _
 /\\ / ___'_ __ _ _(_)_ __  __ _ \ \ \ \
( ( )\___ | '_ | '_| | '_ \/ _` | \ \ \ \
 \\/  ___)| |_)| | | | | || (_| |  ) ) ) )
  '  |____| .__|_| |_|_| |_\__, | / / / /
 =========|_|==============|___/=/_/_/_/
 :: Spring Boot ::                (v3.1.3)

2023-11-18T19:25:47.854-05:00  INFO 10420 --- [           main] c.p.ProyectoIntegradorApplicationTests   : Starting ProyectoIntegradorApplicationTests using Java 17.0.8 with PID 10420 (started by NS in C:\Users\NS\Downloads\Integrador_BackEnd-master)
2023-11-18T19:25:47.856-05:00  INFO 10420 --- [           main] c.p.ProyectoIntegradorApplicationTests   : No active profile set, falling back to 1 default profile: "default"
2023-11-18T19:25:48.708-05:00  INFO 10420 --- [           main] .s.d.r.c.RepositoryConfigurationDelegate : Bootstrapping Spring Data JPA repositories in DEFAULT mode.
2023-11-18T19:25:48.792-05:00  INFO 10420 --- [           main] .s.d.r.c.RepositoryConfigurationDelegate : Finished Spring Data repository scanning in 73 ms. Found 11 JPA repository interfaces.
2023-11-18T19:25:49.433-05:00  INFO 10420 --- [           main] o.hibernate.jpa.internal.util.LogHelper  : HHH000204: Processing PersistenceUnitInfo [name: default]
2023-11-18T19:25:49.490-05:00  INFO 10420 --- [           main] org.hibernate.Version                    : HHH000412: Hibernate ORM core version 6.2.7.Final
2023-11-18T19:25:49.492-05:00  INFO 10420 --- [           main] org.hibernate.cfg.Environment            : HHH000406: Using bytecode reflection optimizer
2023-11-18T19:25:49.671-05:00 DEBUG 10420 --- [           main] org.hibernate.type.BasicTypeRegistry     : Adding type registration boolean -> org.hibernate.type.BasicTypeReference@38732364
2023-11-18T19:25:49.671-05:00 DEBUG 10420 --- [           main] org.hibernate.type.BasicTypeRegistry     : Adding type registration boolean -> org.hibernate.type.BasicTypeReference@38732364
2023-11-18T19:25:49.671-05:00 DEBUG 10420 --- [           main] org.hibernate.type.BasicTypeRegistry     : Adding type registration java.lang.Boolean -> org.hibernate.type.BasicTypeReference@38732364
2023-11-18T19:25:49.671-05:00 DEBUG 10420 --- [           main] org.hibernate.type.BasicTypeRegistry     : Adding type registration numeric_boolean -> org.hibernate.type.BasicTypeReference@7c70aae1
2023-11-18T19:25:49.671-05:00 DEBUG 10420 --- [           main] org.hibernate.type.BasicTypeRegistry     : Adding type registration org.hibernate.type.NumericBooleanConverter -> org.hibernate.type.BasicTypeReference@7c70aae1
2023-11-18T19:25:49.671-05:00 DEBUG 10420 --- [           main] org.hibernate.type.BasicTypeRegistry     : Adding type registration true_false -> org.hibernate.type.BasicTypeReference@48cd319d
2023-11-18T19:25:49.671-05:00 DEBUG 10420 --- [           main] org.hibernate.type.BasicTypeRegistry     : Adding type registration org.hibernate.type.TrueFalseConverter -> org.hibernate.type.BasicTypeReference@48cd319d
2023-11-18T19:25:49.671-05:00 DEBUG 10420 --- [           main] org.hibernate.type.BasicTypeRegistry     : Adding type registration yes_no -> org.hibernate.type.BasicTypeReference@6f38f084
2023-11-18T19:25:49.671-05:00 DEBUG 10420 --- [           main] org.hibernate.type.BasicTypeRegistry     : Adding type registration org.hibernate.type.YesNoConverter -> org.hibernate.type.BasicTypeReference@6f38f084
2023-11-18T19:25:49.671-05:00 DEBUG 10420 --- [           main] org.hibernate.type.BasicTypeRegistry     : Adding type registration byte -> org.hibernate.type.BasicTypeReference@4ef18604
2023-11-18T19:25:49.672-05:00 DEBUG 10420 --- [           main] org.hibernate.type.BasicTypeRegistry     : Adding type registration byte -> org.hibernate.type.BasicTypeReference@4ef18604
2023-11-18T19:25:49.672-05:00 DEBUG 10420 --- [           main] org.hibernate.type.BasicTypeRegistry     : Adding type registration java.lang.Byte -> org.hibernate.type.BasicTypeReference@4ef18604
2023-11-18T19:25:49.672-05:00 DEBUG 10420 --- [           main] org.hibernate.type.BasicTypeRegistry     : Adding type registration binary -> org.hibernate.type.BasicTypeReference@372f0a99
2023-11-18T19:25:49.672-05:00 DEBUG 10420 --- [           main] org.hibernate.type.BasicTypeRegistry     : Adding type registration byte[] -> org.hibernate.type.BasicTypeReference@372f0a99
2023-11-18T19:25:49.672-05:00 DEBUG 10420 --- [           main] org.hibernate.type.BasicTypeRegistry     : Adding type registration [B -> org.hibernate.type.BasicTypeReference@372f0a99
2023-11-18T19:25:49.672-05:00 DEBUG 10420 --- [           main] org.hibernate.type.BasicTypeRegistry     : Adding type registration binary_wrapper -> org.hibernate.type.BasicTypeReference@7c588adc
2023-11-18T19:25:49.672-05:00 DEBUG 10420 --- [           main] org.hibernate.type.BasicTypeRegistry     : Adding type registration wrapper-binary -> org.hibernate.type.BasicTypeReference@7c588adc
2023-11-18T19:25:49.673-05:00 DEBUG 10420 --- [           main] org.hibernate.type.BasicTypeRegistry     : Adding type registration image -> org.hibernate.type.BasicTypeReference@33ec2c0c
2023-11-18T19:25:49.673-05:00 DEBUG 10420 --- [           main] org.hibernate.type.BasicTypeRegistry     : Adding type registration blob -> org.hibernate.type.BasicTypeReference@5968800d
2023-11-18T19:25:49.673-05:00 DEBUG 10420 --- [           main] org.hibernate.type.BasicTypeRegistry     : Adding type registration java.sql.Blob -> org.hibernate.type.BasicTypeReference@5968800d
2023-11-18T19:25:49.673-05:00 DEBUG 10420 --- [           main] org.hibernate.type.BasicTypeRegistry     : Adding type registration materialized_blob -> org.hibernate.type.BasicTypeReference@3887c7d7
2023-11-18T19:25:49.673-05:00 DEBUG 10420 --- [           main] org.hibernate.type.BasicTypeRegistry     : Adding type registration materialized_blob_wrapper -> org.hibernate.type.BasicTypeReference@b1b471
2023-11-18T19:25:49.673-05:00 DEBUG 10420 --- [           main] org.hibernate.type.BasicTypeRegistry     : Adding type registration short -> org.hibernate.type.BasicTypeReference@526f6427
2023-11-18T19:25:49.673-05:00 DEBUG 10420 --- [           main] org.hibernate.type.BasicTypeRegistry     : Adding type registration short -> org.hibernate.type.BasicTypeReference@526f6427
2023-11-18T19:25:49.673-05:00 DEBUG 10420 --- [           main] org.hibernate.type.BasicTypeRegistry     : Adding type registration java.lang.Short -> org.hibernate.type.BasicTypeReference@526f6427
2023-11-18T19:25:49.673-05:00 DEBUG 10420 --- [           main] org.hibernate.type.BasicTypeRegistry     : Adding type registration integer -> org.hibernate.type.BasicTypeReference@4f1afe8f
2023-11-18T19:25:49.673-05:00 DEBUG 10420 --- [           main] org.hibernate.type.BasicTypeRegistry     : Adding type registration int -> org.hibernate.type.BasicTypeReference@4f1afe8f
2023-11-18T19:25:49.673-05:00 DEBUG 10420 --- [           main] org.hibernate.type.BasicTypeRegistry     : Adding type registration java.lang.Integer -> org.hibernate.type.BasicTypeReference@4f1afe8f
2023-11-18T19:25:49.673-05:00 DEBUG 10420 --- [           main] org.hibernate.type.BasicTypeRegistry     : Adding type registration long -> org.hibernate.type.BasicTypeReference@492521c4
2023-11-18T19:25:49.673-05:00 DEBUG 10420 --- [           main] org.hibernate.type.BasicTypeRegistry     : Adding type registration long -> org.hibernate.type.BasicTypeReference@492521c4
2023-11-18T19:25:49.674-05:00 DEBUG 10420 --- [           main] org.hibernate.type.BasicTypeRegistry     : Adding type registration java.lang.Long -> org.hibernate.type.BasicTypeReference@492521c4
2023-11-18T19:25:49.674-05:00 DEBUG 10420 --- [           main] org.hibernate.type.BasicTypeRegistry     : Adding type registration float -> org.hibernate.type.BasicTypeReference@443a06ad
2023-11-18T19:25:49.674-05:00 DEBUG 10420 --- [           main] org.hibernate.type.BasicTypeRegistry     : Adding type registration float -> org.hibernate.type.BasicTypeReference@443a06ad
2023-11-18T19:25:49.674-05:00 DEBUG 10420 --- [           main] org.hibernate.type.BasicTypeRegistry     : Adding type registration java.lang.Float -> org.hibernate.type.BasicTypeReference@443a06ad
2023-11-18T19:25:49.674-05:00 DEBUG 10420 --- [           main] org.hibernate.type.BasicTypeRegistry     : Adding type registration double -> org.hibernate.type.BasicTypeReference@6ddd1c51
2023-11-18T19:25:49.674-05:00 DEBUG 10420 --- [           main] org.hibernate.type.BasicTypeRegistry     : Adding type registration double -> org.hibernate.type.BasicTypeReference@6ddd1c51
2023-11-18T19:25:49.674-05:00 DEBUG 10420 --- [           main] org.hibernate.type.BasicTypeRegistry     : Adding type registration java.lang.Double -> org.hibernate.type.BasicTypeReference@6ddd1c51
2023-11-18T19:25:49.674-05:00 DEBUG 10420 --- [           main] org.hibernate.type.BasicTypeRegistry     : Adding type registration big_integer -> org.hibernate.type.BasicTypeReference@752b69e3
2023-11-18T19:25:49.674-05:00 DEBUG 10420 --- [           main] org.hibernate.type.BasicTypeRegistry     : Adding type registration java.math.BigInteger -> org.hibernate.type.BasicTypeReference@752b69e3
2023-11-18T19:25:49.675-05:00 DEBUG 10420 --- [           main] org.hibernate.type.BasicTypeRegistry     : Adding type registration big_decimal -> org.hibernate.type.BasicTypeReference@15605d83
2023-11-18T19:25:49.675-05:00 DEBUG 10420 --- [           main] org.hibernate.type.BasicTypeRegistry     : Adding type registration java.math.BigDecimal -> org.hibernate.type.BasicTypeReference@15605d83
2023-11-18T19:25:49.675-05:00 DEBUG 10420 --- [           main] org.hibernate.type.BasicTypeRegistry     : Adding type registration character -> org.hibernate.type.BasicTypeReference@1fb2eec
2023-11-18T19:25:49.675-05:00 DEBUG 10420 --- [           main] org.hibernate.type.BasicTypeRegistry     : Adding type registration char -> org.hibernate.type.BasicTypeReference@1fb2eec
2023-11-18T19:25:49.675-05:00 DEBUG 10420 --- [           main] org.hibernate.type.BasicTypeRegistry     : Adding type registration java.lang.Character -> org.hibernate.type.BasicTypeReference@1fb2eec
2023-11-18T19:25:49.675-05:00 DEBUG 10420 --- [           main] org.hibernate.type.BasicTypeRegistry     : Adding type registration character_nchar -> org.hibernate.type.BasicTypeReference@4c18516
2023-11-18T19:25:49.675-05:00 DEBUG 10420 --- [           main] org.hibernate.type.BasicTypeRegistry     : Adding type registration string -> org.hibernate.type.BasicTypeReference@2a0b901c
2023-11-18T19:25:49.675-05:00 DEBUG 10420 --- [           main] org.hibernate.type.BasicTypeRegistry     : Adding type registration java.lang.String -> org.hibernate.type.BasicTypeReference@2a0b901c
2023-11-18T19:25:49.675-05:00 DEBUG 10420 --- [           main] org.hibernate.type.BasicTypeRegistry     : Adding type registration nstring -> org.hibernate.type.BasicTypeReference@3d104c9b
2023-11-18T19:25:49.675-05:00 DEBUG 10420 --- [           main] org.hibernate.type.BasicTypeRegistry     : Adding type registration characters -> org.hibernate.type.BasicTypeReference@6544899b
2023-11-18T19:25:49.675-05:00 DEBUG 10420 --- [           main] org.hibernate.type.BasicTypeRegistry     : Adding type registration char[] -> org.hibernate.type.BasicTypeReference@6544899b
2023-11-18T19:25:49.675-05:00 DEBUG 10420 --- [           main] org.hibernate.type.BasicTypeRegistry     : Adding type registration [C -> org.hibernate.type.BasicTypeReference@6544899b
2023-11-18T19:25:49.676-05:00 DEBUG 10420 --- [           main] org.hibernate.type.BasicTypeRegistry     : Adding type registration wrapper-characters -> org.hibernate.type.BasicTypeReference@6da54910
2023-11-18T19:25:49.676-05:00 DEBUG 10420 --- [           main] org.hibernate.type.BasicTypeRegistry     : Adding type registration text -> org.hibernate.type.BasicTypeReference@1bd8afc8
2023-11-18T19:25:49.676-05:00 DEBUG 10420 --- [           main] org.hibernate.type.BasicTypeRegistry     : Adding type registration ntext -> org.hibernate.type.BasicTypeReference@24134cbc
2023-11-18T19:25:49.676-05:00 DEBUG 10420 --- [           main] org.hibernate.type.BasicTypeRegistry     : Adding type registration clob -> org.hibernate.type.BasicTypeReference@65da01f4
2023-11-18T19:25:49.676-05:00 DEBUG 10420 --- [           main] org.hibernate.type.BasicTypeRegistry     : Adding type registration java.sql.Clob -> org.hibernate.type.BasicTypeReference@65da01f4
2023-11-18T19:25:49.676-05:00 DEBUG 10420 --- [           main] org.hibernate.type.BasicTypeRegistry     : Adding type registration nclob -> org.hibernate.type.BasicTypeReference@22f02996
2023-11-18T19:25:49.677-05:00 DEBUG 10420 --- [           main] org.hibernate.type.BasicTypeRegistry     : Adding type registration java.sql.NClob -> org.hibernate.type.BasicTypeReference@22f02996
2023-11-18T19:25:49.677-05:00 DEBUG 10420 --- [           main] org.hibernate.type.BasicTypeRegistry     : Adding type registration materialized_clob -> org.hibernate.type.BasicTypeReference@7c8874ef
2023-11-18T19:25:49.677-05:00 DEBUG 10420 --- [           main] org.hibernate.type.BasicTypeRegistry     : Adding type registration materialized_clob_char_array -> org.hibernate.type.BasicTypeReference@42c0a16e
2023-11-18T19:25:49.677-05:00 DEBUG 10420 --- [           main] org.hibernate.type.BasicTypeRegistry     : Adding type registration materialized_clob_character_array -> org.hibernate.type.BasicTypeReference@77a0dd63
2023-11-18T19:25:49.677-05:00 DEBUG 10420 --- [           main] org.hibernate.type.BasicTypeRegistry     : Adding type registration materialized_nclob -> org.hibernate.type.BasicTypeReference@543fe698
2023-11-18T19:25:49.677-05:00 DEBUG 10420 --- [           main] org.hibernate.type.BasicTypeRegistry     : Adding type registration materialized_nclob_character_array -> org.hibernate.type.BasicTypeReference@6b2fdffc
2023-11-18T19:25:49.677-05:00 DEBUG 10420 --- [           main] org.hibernate.type.BasicTypeRegistry     : Adding type registration materialized_nclob_char_array -> org.hibernate.type.BasicTypeReference@2ca3d826
2023-11-18T19:25:49.677-05:00 DEBUG 10420 --- [           main] org.hibernate.type.BasicTypeRegistry     : Adding type registration Duration -> org.hibernate.type.BasicTypeReference@5d194314
2023-11-18T19:25:49.677-05:00 DEBUG 10420 --- [           main] org.hibernate.type.BasicTypeRegistry     : Adding type registration java.time.Duration -> org.hibernate.type.BasicTypeReference@5d194314
2023-11-18T19:25:49.677-05:00 DEBUG 10420 --- [           main] org.hibernate.type.BasicTypeRegistry     : Adding type registration LocalDateTime -> org.hibernate.type.BasicTypeReference@76396509
2023-11-18T19:25:49.678-05:00 DEBUG 10420 --- [           main] org.hibernate.type.BasicTypeRegistry     : Adding type registration java.time.LocalDateTime -> org.hibernate.type.BasicTypeReference@76396509
2023-11-18T19:25:49.678-05:00 DEBUG 10420 --- [           main] org.hibernate.type.BasicTypeRegistry     : Adding type registration LocalDate -> org.hibernate.type.BasicTypeReference@637c840d
2023-11-18T19:25:49.678-05:00 DEBUG 10420 --- [           main] org.hibernate.type.BasicTypeRegistry     : Adding type registration java.time.LocalDate -> org.hibernate.type.BasicTypeReference@637c840d
2023-11-18T19:25:49.678-05:00 DEBUG 10420 --- [           main] org.hibernate.type.BasicTypeRegistry     : Adding type registration LocalTime -> org.hibernate.type.BasicTypeReference@51ac12ac
2023-11-18T19:25:49.678-05:00 DEBUG 10420 --- [           main] org.hibernate.type.BasicTypeRegistry     : Adding type registration java.time.LocalTime -> org.hibernate.type.BasicTypeReference@51ac12ac
2023-11-18T19:25:49.678-05:00 DEBUG 10420 --- [           main] org.hibernate.type.BasicTypeRegistry     : Adding type registration OffsetDateTime -> org.hibernate.type.BasicTypeReference@463afa6e
2023-11-18T19:25:49.678-05:00 DEBUG 10420 --- [           main] org.hibernate.type.BasicTypeRegistry     : Adding type registration java.time.OffsetDateTime -> org.hibernate.type.BasicTypeReference@463afa6e
2023-11-18T19:25:49.678-05:00 DEBUG 10420 --- [           main] org.hibernate.type.BasicTypeRegistry     : Adding type registration OffsetDateTimeWithTimezone -> org.hibernate.type.BasicTypeReference@7b96de8d
2023-11-18T19:25:49.678-05:00 DEBUG 10420 --- [           main] org.hibernate.type.BasicTypeRegistry     : Adding type registration OffsetDateTimeWithoutTimezone -> org.hibernate.type.BasicTypeReference@7ccd611e
2023-11-18T19:25:49.678-05:00 DEBUG 10420 --- [           main] org.hibernate.type.BasicTypeRegistry     : Adding type registration OffsetTime -> org.hibernate.type.BasicTypeReference@4dc52559
2023-11-18T19:25:49.678-05:00 DEBUG 10420 --- [           main] org.hibernate.type.BasicTypeRegistry     : Adding type registration java.time.OffsetTime -> org.hibernate.type.BasicTypeReference@4dc52559
2023-11-18T19:25:49.679-05:00 DEBUG 10420 --- [           main] org.hibernate.type.BasicTypeRegistry     : Adding type registration OffsetTimeUtc -> org.hibernate.type.BasicTypeReference@5c3d4f05
2023-11-18T19:25:49.679-05:00 DEBUG 10420 --- [           main] org.hibernate.type.BasicTypeRegistry     : Adding type registration OffsetTimeWithTimezone -> org.hibernate.type.BasicTypeReference@119290b9
2023-11-18T19:25:49.679-05:00 DEBUG 10420 --- [           main] org.hibernate.type.BasicTypeRegistry     : Adding type registration OffsetTimeWithoutTimezone -> org.hibernate.type.BasicTypeReference@640d604
2023-11-18T19:25:49.679-05:00 DEBUG 10420 --- [           main] org.hibernate.type.BasicTypeRegistry     : Adding type registration ZonedDateTime -> org.hibernate.type.BasicTypeReference@62cbc478
2023-11-18T19:25:49.679-05:00 DEBUG 10420 --- [           main] org.hibernate.type.BasicTypeRegistry     : Adding type registration java.time.ZonedDateTime -> org.hibernate.type.BasicTypeReference@62cbc478
2023-11-18T19:25:49.679-05:00 DEBUG 10420 --- [           main] org.hibernate.type.BasicTypeRegistry     : Adding type registration ZonedDateTimeWithTimezone -> org.hibernate.type.BasicTypeReference@5438fa43
2023-11-18T19:25:49.679-05:00 DEBUG 10420 --- [           main] org.hibernate.type.BasicTypeRegistry     : Adding type registration ZonedDateTimeWithoutTimezone -> org.hibernate.type.BasicTypeReference@512abf25
2023-11-18T19:25:49.679-05:00 DEBUG 10420 --- [           main] org.hibernate.type.BasicTypeRegistry     : Adding type registration date -> org.hibernate.type.BasicTypeReference@515ab3f2
2023-11-18T19:25:49.679-05:00 DEBUG 10420 --- [           main] org.hibernate.type.BasicTypeRegistry     : Adding type registration java.sql.Date -> org.hibernate.type.BasicTypeReference@515ab3f2
2023-11-18T19:25:49.679-05:00 DEBUG 10420 --- [           main] org.hibernate.type.BasicTypeRegistry     : Adding type registration time -> org.hibernate.type.BasicTypeReference@6d0e45a5
2023-11-18T19:25:49.679-05:00 DEBUG 10420 --- [           main] org.hibernate.type.BasicTypeRegistry     : Adding type registration java.sql.Time -> org.hibernate.type.BasicTypeReference@6d0e45a5
2023-11-18T19:25:49.679-05:00 DEBUG 10420 --- [           main] org.hibernate.type.BasicTypeRegistry     : Adding type registration timestamp -> org.hibernate.type.BasicTypeReference@7e7740a5
2023-11-18T19:25:49.680-05:00 DEBUG 10420 --- [           main] org.hibernate.type.BasicTypeRegistry     : Adding type registration java.sql.Timestamp -> org.hibernate.type.BasicTypeReference@7e7740a5
2023-11-18T19:25:49.680-05:00 DEBUG 10420 --- [           main] org.hibernate.type.BasicTypeRegistry     : Adding type registration java.util.Date -> org.hibernate.type.BasicTypeReference@7e7740a5
2023-11-18T19:25:49.680-05:00 DEBUG 10420 --- [           main] org.hibernate.type.BasicTypeRegistry     : Adding type registration calendar -> org.hibernate.type.BasicTypeReference@7aa01bd9
2023-11-18T19:25:49.680-05:00 DEBUG 10420 --- [           main] org.hibernate.type.BasicTypeRegistry     : Adding type registration java.util.Calendar -> org.hibernate.type.BasicTypeReference@7aa01bd9
2023-11-18T19:25:49.680-05:00 DEBUG 10420 --- [           main] org.hibernate.type.BasicTypeRegistry     : Adding type registration java.util.GregorianCalendar -> org.hibernate.type.BasicTypeReference@7aa01bd9
2023-11-18T19:25:49.680-05:00 DEBUG 10420 --- [           main] org.hibernate.type.BasicTypeRegistry     : Adding type registration calendar_date -> org.hibernate.type.BasicTypeReference@7e61e25c
2023-11-18T19:25:49.680-05:00 DEBUG 10420 --- [           main] org.hibernate.type.BasicTypeRegistry     : Adding type registration calendar_time -> org.hibernate.type.BasicTypeReference@615db358
2023-11-18T19:25:49.680-05:00 DEBUG 10420 --- [           main] org.hibernate.type.BasicTypeRegistry     : Adding type registration instant -> org.hibernate.type.BasicTypeReference@256bb5be
2023-11-18T19:25:49.680-05:00 DEBUG 10420 --- [           main] org.hibernate.type.BasicTypeRegistry     : Adding type registration java.time.Instant -> org.hibernate.type.BasicTypeReference@256bb5be
2023-11-18T19:25:49.680-05:00 DEBUG 10420 --- [           main] org.hibernate.type.BasicTypeRegistry     : Adding type registration uuid -> org.hibernate.type.BasicTypeReference@5fef0c19
2023-11-18T19:25:49.680-05:00 DEBUG 10420 --- [           main] org.hibernate.type.BasicTypeRegistry     : Adding type registration java.util.UUID -> org.hibernate.type.BasicTypeReference@5fef0c19
2023-11-18T19:25:49.680-05:00 DEBUG 10420 --- [           main] org.hibernate.type.BasicTypeRegistry     : Adding type registration pg-uuid -> org.hibernate.type.BasicTypeReference@5fef0c19
2023-11-18T19:25:49.680-05:00 DEBUG 10420 --- [           main] org.hibernate.type.BasicTypeRegistry     : Adding type registration uuid-binary -> org.hibernate.type.BasicTypeReference@2e6d76ba
2023-11-18T19:25:49.680-05:00 DEBUG 10420 --- [           main] org.hibernate.type.BasicTypeRegistry     : Adding type registration uuid-char -> org.hibernate.type.BasicTypeReference@22a6d75c
2023-11-18T19:25:49.681-05:00 DEBUG 10420 --- [           main] org.hibernate.type.BasicTypeRegistry     : Adding type registration class -> org.hibernate.type.BasicTypeReference@5a9840f3
2023-11-18T19:25:49.681-05:00 DEBUG 10420 --- [           main] org.hibernate.type.BasicTypeRegistry     : Adding type registration java.lang.Class -> org.hibernate.type.BasicTypeReference@5a9840f3
2023-11-18T19:25:49.681-05:00 DEBUG 10420 --- [           main] org.hibernate.type.BasicTypeRegistry     : Adding type registration currency -> org.hibernate.type.BasicTypeReference@7d30007d
2023-11-18T19:25:49.681-05:00 DEBUG 10420 --- [           main] org.hibernate.type.BasicTypeRegistry     : Adding type registration Currency -> org.hibernate.type.BasicTypeReference@7d30007d
2023-11-18T19:25:49.681-05:00 DEBUG 10420 --- [           main] org.hibernate.type.BasicTypeRegistry     : Adding type registration java.util.Currency -> org.hibernate.type.BasicTypeReference@7d30007d
2023-11-18T19:25:49.681-05:00 DEBUG 10420 --- [           main] org.hibernate.type.BasicTypeRegistry     : Adding type registration locale -> org.hibernate.type.BasicTypeReference@382d71c7
2023-11-18T19:25:49.681-05:00 DEBUG 10420 --- [           main] org.hibernate.type.BasicTypeRegistry     : Adding type registration java.util.Locale -> org.hibernate.type.BasicTypeReference@382d71c7
2023-11-18T19:25:49.681-05:00 DEBUG 10420 --- [           main] org.hibernate.type.BasicTypeRegistry     : Adding type registration serializable -> org.hibernate.type.BasicTypeReference@2ca54da9
2023-11-18T19:25:49.681-05:00 DEBUG 10420 --- [           main] org.hibernate.type.BasicTypeRegistry     : Adding type registration java.io.Serializable -> org.hibernate.type.BasicTypeReference@2ca54da9
2023-11-18T19:25:49.681-05:00 DEBUG 10420 --- [           main] org.hibernate.type.BasicTypeRegistry     : Adding type registration timezone -> org.hibernate.type.BasicTypeReference@34a20f16
2023-11-18T19:25:49.681-05:00 DEBUG 10420 --- [           main] org.hibernate.type.BasicTypeRegistry     : Adding type registration java.util.TimeZone -> org.hibernate.type.BasicTypeReference@34a20f16
2023-11-18T19:25:49.681-05:00 DEBUG 10420 --- [           main] org.hibernate.type.BasicTypeRegistry     : Adding type registration ZoneOffset -> org.hibernate.type.BasicTypeReference@496cc217
2023-11-18T19:25:49.681-05:00 DEBUG 10420 --- [           main] org.hibernate.type.BasicTypeRegistry     : Adding type registration java.time.ZoneOffset -> org.hibernate.type.BasicTypeReference@496cc217
2023-11-18T19:25:49.681-05:00 DEBUG 10420 --- [           main] org.hibernate.type.BasicTypeRegistry     : Adding type registration url -> org.hibernate.type.BasicTypeReference@1a1c21b4
2023-11-18T19:25:49.682-05:00 DEBUG 10420 --- [           main] org.hibernate.type.BasicTypeRegistry     : Adding type registration java.net.URL -> org.hibernate.type.BasicTypeReference@1a1c21b4
2023-11-18T19:25:49.682-05:00 DEBUG 10420 --- [           main] org.hibernate.type.BasicTypeRegistry     : Adding type registration row_version -> org.hibernate.type.BasicTypeReference@1cd2ff5b
2023-11-18T19:25:49.686-05:00 DEBUG 10420 --- [           main] org.hibernate.type.BasicTypeRegistry     : Adding type registration object -> org.hibernate.type.JavaObjectType@65cc5252
2023-11-18T19:25:49.687-05:00 DEBUG 10420 --- [           main] org.hibernate.type.BasicTypeRegistry     : Adding type registration java.lang.Object -> org.hibernate.type.JavaObjectType@65cc5252
2023-11-18T19:25:49.688-05:00 DEBUG 10420 --- [           main] org.hibernate.type.BasicTypeRegistry     : Adding type registration null -> org.hibernate.type.NullType@34279b8a
2023-11-18T19:25:49.688-05:00 DEBUG 10420 --- [           main] org.hibernate.type.BasicTypeRegistry     : Adding type registration imm_date -> org.hibernate.type.BasicTypeReference@687389a6
2023-11-18T19:25:49.688-05:00 DEBUG 10420 --- [           main] org.hibernate.type.BasicTypeRegistry     : Adding type registration imm_time -> org.hibernate.type.BasicTypeReference@8641b7d
2023-11-18T19:25:49.688-05:00 DEBUG 10420 --- [           main] org.hibernate.type.BasicTypeRegistry     : Adding type registration imm_timestamp -> org.hibernate.type.BasicTypeReference@37c7766e
2023-11-18T19:25:49.688-05:00 DEBUG 10420 --- [           main] org.hibernate.type.BasicTypeRegistry     : Adding type registration imm_calendar -> org.hibernate.type.BasicTypeReference@3fb450d7
2023-11-18T19:25:49.689-05:00 DEBUG 10420 --- [           main] org.hibernate.type.BasicTypeRegistry     : Adding type registration imm_calendar_date -> org.hibernate.type.BasicTypeReference@4b7ed03e
2023-11-18T19:25:49.689-05:00 DEBUG 10420 --- [           main] org.hibernate.type.BasicTypeRegistry     : Adding type registration imm_calendar_time -> org.hibernate.type.BasicTypeReference@636985df
2023-11-18T19:25:49.689-05:00 DEBUG 10420 --- [           main] org.hibernate.type.BasicTypeRegistry     : Adding type registration imm_binary -> org.hibernate.type.BasicTypeReference@6f91fbda
2023-11-18T19:25:49.689-05:00 DEBUG 10420 --- [           main] org.hibernate.type.BasicTypeRegistry     : Adding type registration imm_serializable -> org.hibernate.type.BasicTypeReference@723e3c17
2023-11-18T19:25:49.731-05:00  INFO 10420 --- [           main] o.h.b.i.BytecodeProviderInitiator        : HHH000021: Bytecode provider name : bytebuddy
2023-11-18T19:25:49.905-05:00  INFO 10420 --- [           main] o.s.o.j.p.SpringPersistenceUnitInfo      : No LoadTimeWeaver setup: ignoring JPA class transformer
2023-11-18T19:25:49.933-05:00  INFO 10420 --- [           main] com.zaxxer.hikari.HikariDataSource       : HikariPool-1 - Starting...
2023-11-18T19:25:52.456-05:00  INFO 10420 --- [           main] com.zaxxer.hikari.pool.HikariPool        : HikariPool-1 - Added connection com.mysql.cj.jdbc.ConnectionImpl@2c2a903f
2023-11-18T19:25:52.458-05:00  INFO 10420 --- [           main] com.zaxxer.hikari.HikariDataSource       : HikariPool-1 - Start completed.
2023-11-18T19:25:52.694-05:00  WARN 10420 --- [           main] org.hibernate.orm.deprecation            : HHH90000026: MySQL57Dialect has been deprecated; use org.hibernate.dialect.MySQLDialect instead
2023-11-18T19:25:52.721-05:00 DEBUG 10420 --- [           main] o.h.t.d.sql.spi.DdlTypeRegistry          : addDescriptor(12, org.hibernate.type.descriptor.sql.internal.CapacityDependentDdlType@4a520f05) replaced previous registration(org.hibernate.type.descriptor.sql.internal.CapacityDependentDdlType@389a1e34)
2023-11-18T19:25:52.722-05:00 DEBUG 10420 --- [           main] o.h.t.d.sql.spi.DdlTypeRegistry          : addDescriptor(-9, org.hibernate.type.descriptor.sql.internal.CapacityDependentDdlType@204b0f07) replaced previous registration(org.hibernate.type.descriptor.sql.internal.CapacityDependentDdlType@6f68756d)
2023-11-18T19:25:52.723-05:00 DEBUG 10420 --- [           main] o.h.t.d.sql.spi.DdlTypeRegistry          : addDescriptor(-3, org.hibernate.type.descriptor.sql.internal.CapacityDependentDdlType@359865a2) replaced previous registration(org.hibernate.type.descriptor.sql.internal.CapacityDependentDdlType@5d9bb69b)
2023-11-18T19:25:52.724-05:00 DEBUG 10420 --- [           main] o.h.t.d.sql.spi.DdlTypeRegistry          : addDescriptor(4003, org.hibernate.type.descriptor.sql.internal.DdlTypeImpl@25d0b918) replaced previous registration(org.hibernate.type.descriptor.sql.internal.DdlTypeImpl@9bf63d2)
2023-11-18T19:25:52.724-05:00 DEBUG 10420 --- [           main] o.h.t.d.sql.spi.DdlTypeRegistry          : addDescriptor(4001, org.hibernate.type.descriptor.sql.internal.DdlTypeImpl@7ffcb232) replaced previous registration(org.hibernate.type.descriptor.sql.internal.DdlTypeImpl@7f53fc38)
2023-11-18T19:25:52.725-05:00 DEBUG 10420 --- [           main] o.h.t.d.sql.spi.DdlTypeRegistry          : addDescriptor(4002, org.hibernate.type.descriptor.sql.internal.DdlTypeImpl@5feb82b3) replaced previous registration(org.hibernate.type.descriptor.sql.internal.DdlTypeImpl@2d38db6f)
2023-11-18T19:25:52.725-05:00 DEBUG 10420 --- [           main] o.h.t.d.sql.spi.DdlTypeRegistry          : addDescriptor(2004, org.hibernate.type.descriptor.sql.internal.CapacityDependentDdlType@37cf91d8) replaced previous registration(org.hibernate.type.descriptor.sql.internal.DdlTypeImpl@571d0925)
2023-11-18T19:25:52.725-05:00 DEBUG 10420 --- [           main] o.h.t.d.sql.spi.DdlTypeRegistry          : addDescriptor(2005, org.hibernate.type.descriptor.sql.internal.CapacityDependentDdlType@54e0f76f) replaced previous registration(org.hibernate.type.descriptor.sql.internal.DdlTypeImpl@3fe8ad3f)
2023-11-18T19:25:52.726-05:00 DEBUG 10420 --- [           main] o.h.t.d.sql.spi.DdlTypeRegistry          : addDescriptor(2011, org.hibernate.type.descriptor.sql.internal.CapacityDependentDdlType@7462ba4b) replaced previous registration(org.hibernate.type.descriptor.sql.internal.DdlTypeImpl@4b09d1c3)
2023-11-18T19:25:52.727-05:00 DEBUG 10420 --- [           main] o.h.t.d.jdbc.spi.JdbcTypeRegistry        : addDescriptor(NCharTypeDescriptor) replaced previous registration(CharTypeDescriptor)
2023-11-18T19:25:52.728-05:00 DEBUG 10420 --- [           main] o.h.t.d.jdbc.spi.JdbcTypeRegistry        : addDescriptor(NVarcharTypeDescriptor) replaced previous registration(VarcharTypeDescriptor)
2023-11-18T19:25:52.729-05:00 DEBUG 10420 --- [           main] o.h.t.d.jdbc.spi.JdbcTypeRegistry        : addDescriptor(LongNVarcharTypeDescriptor) replaced previous registration(LongVarcharTypeDescriptor)
2023-11-18T19:25:52.731-05:00 DEBUG 10420 --- [           main] o.h.t.d.jdbc.spi.JdbcTypeRegistry        : addDescriptor(NClobTypeDescriptor(DEFAULT)) replaced previous registration(ClobTypeDescriptor(DEFAULT))
2023-11-18T19:25:52.731-05:00 DEBUG 10420 --- [           main] o.h.t.d.jdbc.spi.JdbcTypeRegistry        : addDescriptor(2005, ClobTypeDescriptor(STREAM_BINDING)) replaced previous registration(ClobTypeDescriptor(DEFAULT))
2023-11-18T19:25:52.735-05:00 DEBUG 10420 --- [           main] org.hibernate.type.BasicTypeRegistry     : Adding type registration null -> org.hibernate.type.NullType@b841713
2023-11-18T19:25:52.735-05:00 DEBUG 10420 --- [           main] org.hibernate.type.BasicTypeRegistry     : Type registration key [null] overrode previous entry : `org.hibernate.type.NullType@34279b8a`
2023-11-18T19:25:52.742-05:00 DEBUG 10420 --- [           main] org.hibernate.type.BasicTypeRegistry     : Adding type registration org.hibernate.type.OffsetDateTimeType -> basicType@1(java.time.OffsetDateTime,3003)
2023-11-18T19:25:52.742-05:00 DEBUG 10420 --- [           main] org.hibernate.type.BasicTypeRegistry     : Adding type registration OffsetDateTime -> basicType@1(java.time.OffsetDateTime,3003)
2023-11-18T19:25:52.742-05:00 DEBUG 10420 --- [           main] org.hibernate.type.BasicTypeRegistry     : Adding type registration java.time.OffsetDateTime -> basicType@1(java.time.OffsetDateTime,3003)
2023-11-18T19:25:52.742-05:00 DEBUG 10420 --- [           main] org.hibernate.type.BasicTypeRegistry     : Adding type registration org.hibernate.type.ZonedDateTimeType -> basicType@2(java.time.ZonedDateTime,3003)
2023-11-18T19:25:52.742-05:00 DEBUG 10420 --- [           main] org.hibernate.type.BasicTypeRegistry     : Adding type registration ZonedDateTime -> basicType@2(java.time.ZonedDateTime,3003)
2023-11-18T19:25:52.742-05:00 DEBUG 10420 --- [           main] org.hibernate.type.BasicTypeRegistry     : Adding type registration java.time.ZonedDateTime -> basicType@2(java.time.ZonedDateTime,3003)
2023-11-18T19:25:52.743-05:00 DEBUG 10420 --- [           main] org.hibernate.type.BasicTypeRegistry     : Adding type registration org.hibernate.type.OffsetTimeType -> basicType@3(java.time.OffsetTime,3007)
2023-11-18T19:25:52.743-05:00 DEBUG 10420 --- [           main] org.hibernate.type.BasicTypeRegistry     : Adding type registration OffsetTime -> basicType@3(java.time.OffsetTime,3007)
2023-11-18T19:25:52.743-05:00 DEBUG 10420 --- [           main] org.hibernate.type.BasicTypeRegistry     : Adding type registration java.time.OffsetTime -> basicType@3(java.time.OffsetTime,3007)
2023-11-18T19:25:52.746-05:00 DEBUG 10420 --- [           main] o.h.type.spi.TypeConfiguration$Scope     : Scoping TypeConfiguration [org.hibernate.type.spi.TypeConfiguration@7ac685ef] to MetadataBuildingContext [org.hibernate.boot.internal.MetadataBuildingContextRootImpl@223cbf0d]
2023-11-18T19:25:53.322-05:00  INFO 10420 --- [           main] o.h.b.i.BytecodeProviderInitiator        : HHH000021: Bytecode provider name : bytebuddy
2023-11-18T19:25:54.172-05:00  INFO 10420 --- [           main] o.h.e.t.j.p.i.JtaPlatformInitiator       : HHH000490: Using JtaPlatform implementation: [org.hibernate.engine.transaction.jta.platform.internal.NoJtaPlatform]
2023-11-18T19:25:54.173-05:00 DEBUG 10420 --- [           main] o.h.type.spi.TypeConfiguration$Scope     : Scoping TypeConfiguration [org.hibernate.type.spi.TypeConfiguration@7ac685ef] to SessionFactoryImplementor [org.hibernate.internal.SessionFactoryImpl@12925d2]
2023-11-18T19:25:54.177-05:00 TRACE 10420 --- [           main] o.h.type.spi.TypeConfiguration$Scope     : Handling #sessionFactoryCreated from [org.hibernate.internal.SessionFactoryImpl@12925d2] for TypeConfiguration
2023-11-18T19:25:54.178-05:00  INFO 10420 --- [           main] j.LocalContainerEntityManagerFactoryBean : Initialized JPA EntityManagerFactory for persistence unit 'default'
2023-11-18T19:25:54.356-05:00 DEBUG 10420 --- [           main] o.h.stat.internal.StatisticsInitiator    : Statistics initialized [enabled=false]
2023-11-18T19:25:54.666-05:00  INFO 10420 --- [           main] o.s.d.j.r.query.QueryEnhancerFactory     : Hibernate is in classpath; If applicable, HQL parser will be used.
2023-11-18T19:25:56.025-05:00  INFO 10420 --- [           main] o.s.s.web.DefaultSecurityFilterChain     : Will secure any request with [org.springframework.security.web.session.DisableEncodeUrlFilter@4cae7d5, org.springframework.security.web.context.request.async.WebAsyncManagerIntegrationFilter@4c821dc7, org.springframework.security.web.context.SecurityContextHolderFilter@32514766, org.springframework.security.web.header.HeaderWriterFilter@349e166, org.springframework.web.filter.CorsFilter@4390b78f, org.springframework.security.web.authentication.logout.LogoutFilter@2cf93603, com.proyectoIntegrador.jwt.JwtAuthenticationFilter@50c442a5, org.springframework.security.web.savedrequest.RequestCacheAwareFilter@43d00636, org.springframework.security.web.servletapi.SecurityContextHolderAwareRequestFilter@5642cd03, org.springframework.security.web.authentication.AnonymousAuthenticationFilter@230ea983, org.springframework.security.web.session.SessionManagementFilter@42a057b6, org.springframework.security.web.access.ExceptionTranslationFilter@6351efa6, org.springframework.security.web.access.intercept.AuthorizationFilter@5713e261]
2023-11-18T19:25:56.407-05:00  INFO 10420 --- [           main] c.p.ProyectoIntegradorApplicationTests   : Started ProyectoIntegradorApplicationTests in 8.858 seconds (process running for 10.056)
]]></system-out>
  </testcase>
</testsuite>